<?xml version="1.0" encoding="utf-8"?><testsuites name="pytest tests"><testsuite name="pytest" errors="0" failures="0" skipped="0" tests="16" time="2.215" timestamp="2026-04-23T17:01:58.217631+00:00" hostname="agent-env-a49a97b4-f894-49c8-969a-5c9d6e3d817b"><testcase classname="backend.tests.backend_test.TestTalcaCatalog" name="test_talca_has_7_products_in_order" time="0.196" /><testcase classname="backend.tests.backend_test.TestTalcaCatalog" name="test_talca_polera_buzo_renamed" time="0.058" /><testcase classname="backend.tests.backend_test.TestTalcaCatalog" name="test_talca_buzo_dynamic_stock_true" time="0.051" /><testcase classname="backend.tests.backend_test.TestTalcaCatalog" name="test_talca_buzo_sizes_are_min_of_pant_polera" time="0.049" /><testcase classname="backend.tests.backend_test.TestTalcaCatalog" name="test_product_endpoint_talca_buzo_dynamic" time="0.103" /><testcase classname="backend.tests.backend_test.TestTalcaCatalog" name="test_new_talca_products_individually_fetchable" time="0.203" /><testcase classname="backend.tests.backend_test.TestOtherSchools" name="test_concepcion_has_4_products" time="0.056" /><testcase classname="backend.tests.backend_test.TestOtherSchools" name="test_concepcion_polera_buzo_default_name" time="0.045" /><testcase classname="backend.tests.backend_test.TestOtherSchools" name="test_concepcion_buzo_not_dynamic" time="0.051" /><testcase classname="backend.tests.backend_test.TestTalcaBuzoOrder" name="test_order_talca_buzo_decrements_both" time="0.172" /><testcase classname="backend.tests.backend_test.TestTalcaBuzoOrder" name="test_order_talca_buzo_exceeding_available_returns_400" time="0.101" /><testcase classname="backend.tests.backend_test.TestConcepcionBuzoOrder" name="test_concepcion_buzo_standard_decrement" time="0.153" /><testcase classname="backend.tests.backend_test.TestNewTalcaProductsOrder" name="test_new_talca_product_normal_order[polera_corta]" time="0.148" /><testcase classname="backend.tests.backend_test.TestNewTalcaProductsOrder" name="test_new_talca_product_normal_order[polera_larga]" time="0.165" /><testcase classname="backend.tests.backend_test.TestNewTalcaProductsOrder" name="test_new_talca_product_normal_order[delantal_cotona]" time="0.143" /><testcase classname="backend.tests.backend_test.TestAdmin" name="test_admin_products_includes_new_talca" time="0.437" /></testsuite></testsuites>